2020-06-15 23:05:34,731 DEBUG scheduler Queued events for site library
2020-06-15 23:06:34,974 DEBUG scheduler Queued events for site library
2020-06-15 23:07:35,184 DEBUG scheduler Queued events for site library
2020-06-15 23:08:35,400 DEBUG scheduler Queued events for site library
2020-06-15 23:08:35,452 INFO scheduler Scheduled Job Start: erpnext.crm.doctype.social_media_post.social_media_post.process_scheduled_social_media_posts for library
2020-06-15 23:08:36,091 INFO scheduler Scheduled Job Complete: erpnext.crm.doctype.social_media_post.social_media_post.process_scheduled_social_media_posts for library
2020-06-15 23:08:36,139 INFO scheduler Scheduled Job Start: erpnext.healthcare.doctype.patient_appointment.patient_appointment.send_appointment_reminder for library
2020-06-15 23:08:37,258 INFO scheduler Scheduled Job Complete: erpnext.healthcare.doctype.patient_appointment.patient_appointment.send_appointment_reminder for library
2020-06-15 23:08:37,288 INFO scheduler Scheduled Job Start: erpnext.projects.doctype.project.project.project_status_update_reminder for library
2020-06-15 23:08:40,432 INFO scheduler Scheduled Job Complete: erpnext.projects.doctype.project.project.project_status_update_reminder for library
2020-06-15 23:08:40,474 INFO scheduler Scheduled Job Start: frappe.monitor.flush for library
2020-06-15 23:08:40,801 INFO scheduler Scheduled Job Complete: frappe.monitor.flush for library
2020-06-15 23:08:40,838 INFO scheduler Scheduled Job Start: frappe.utils.global_search.sync_global_search for library
2020-06-15 23:08:40,969 INFO scheduler Scheduled Job Complete: frappe.utils.global_search.sync_global_search for library
2020-06-15 23:08:41,005 INFO scheduler Scheduled Job Start: frappe.integrations.doctype.razorpay_settings.razorpay_settings.capture_payment for library
2020-06-15 23:08:41,431 INFO scheduler Scheduled Job Complete: frappe.integrations.doctype.razorpay_settings.razorpay_settings.capture_payment for library
2020-06-15 23:08:41,471 INFO scheduler Scheduled Job Start: frappe.email.doctype.email_account.email_account.notify_unreplied for library
2020-06-15 23:08:41,991 INFO scheduler Scheduled Job Complete: frappe.email.doctype.email_account.email_account.notify_unreplied for library
2020-06-15 23:08:42,023 INFO scheduler Scheduled Job Start: frappe.email.doctype.email_account.email_account.pull for library
2020-06-15 23:08:42,363 INFO scheduler Scheduled Job Complete: frappe.email.doctype.email_account.email_account.pull for library
2020-06-15 23:08:42,394 INFO scheduler Scheduled Job Start: frappe.email.queue.flush for library
2020-06-15 23:08:42,678 INFO scheduler Scheduled Job Complete: frappe.email.queue.flush for library
2020-06-15 23:09:35,602 DEBUG scheduler Queued events for site library
2020-06-15 23:10:35,926 INFO scheduler Scheduled Job Start: library_management.task.run_every_ten_mins for library
2020-06-15 23:10:35,947 DEBUG scheduler Queued events for site library
2020-06-15 23:10:37,830 INFO scheduler Scheduled Job Failed: library_management.task.run_every_ten_mins for library
2020-06-15 23:11:41,776 DEBUG scheduler Queued events for site library
2020-06-15 23:12:42,058 DEBUG scheduler Queued events for site library
2020-06-15 23:12:42,081 INFO scheduler Scheduled Job Start: erpnext.crm.doctype.social_media_post.social_media_post.process_scheduled_social_media_posts for library
2020-06-15 23:12:42,369 INFO scheduler Scheduled Job Complete: erpnext.crm.doctype.social_media_post.social_media_post.process_scheduled_social_media_posts for library
2020-06-15 23:12:42,400 INFO scheduler Scheduled Job Start: erpnext.healthcare.doctype.patient_appointment.patient_appointment.send_appointment_reminder for library
2020-06-15 23:12:42,740 INFO scheduler Scheduled Job Complete: erpnext.healthcare.doctype.patient_appointment.patient_appointment.send_appointment_reminder for library
2020-06-15 23:12:42,772 INFO scheduler Scheduled Job Start: erpnext.projects.doctype.project.project.project_status_update_reminder for library
2020-06-15 23:12:43,764 INFO scheduler Scheduled Job Complete: erpnext.projects.doctype.project.project.project_status_update_reminder for library
2020-06-15 23:12:43,796 INFO scheduler Scheduled Job Start: frappe.monitor.flush for library
2020-06-15 23:12:44,071 INFO scheduler Scheduled Job Complete: frappe.monitor.flush for library
2020-06-15 23:12:44,101 INFO scheduler Scheduled Job Start: frappe.utils.global_search.sync_global_search for library
2020-06-15 23:12:44,221 INFO scheduler Scheduled Job Complete: frappe.utils.global_search.sync_global_search for library
2020-06-15 23:12:44,262 INFO scheduler Scheduled Job Start: frappe.integrations.doctype.razorpay_settings.razorpay_settings.capture_payment for library
2020-06-15 23:12:44,638 INFO scheduler Scheduled Job Complete: frappe.integrations.doctype.razorpay_settings.razorpay_settings.capture_payment for library
2020-06-15 23:12:44,855 INFO scheduler Scheduled Job Start: frappe.email.doctype.email_account.email_account.notify_unreplied for library
2020-06-15 23:12:45,023 INFO scheduler Scheduled Job Complete: frappe.email.doctype.email_account.email_account.notify_unreplied for library
2020-06-15 23:12:45,060 INFO scheduler Scheduled Job Start: frappe.email.doctype.email_account.email_account.pull for library
2020-06-15 23:12:45,222 INFO scheduler Scheduled Job Complete: frappe.email.doctype.email_account.email_account.pull for library
2020-06-15 23:12:45,254 INFO scheduler Scheduled Job Start: frappe.email.queue.flush for library
2020-06-15 23:12:45,425 INFO scheduler Scheduled Job Complete: frappe.email.queue.flush for library
2020-06-15 23:13:42,958 DEBUG scheduler Queued events for site library
2020-06-15 23:14:43,391 DEBUG scheduler Queued events for site library
2020-06-15 23:15:43,766 DEBUG scheduler Queued events for site library
2020-06-15 23:15:47,723 INFO scheduler Scheduled Job Start: frappe.twofactor.delete_all_barcodes_for_users for library
2020-06-15 23:15:53,636 INFO scheduler Scheduled Job Complete: frappe.twofactor.delete_all_barcodes_for_users for library
2020-06-15 23:15:54,054 INFO scheduler Scheduled Job Start: frappe.website.doctype.web_page.web_page.check_publish_status for library
2020-06-15 23:15:55,352 INFO scheduler Scheduled Job Complete: frappe.website.doctype.web_page.web_page.check_publish_status for library
2020-06-15 23:15:55,677 INFO scheduler Scheduled Job Start: frappe.oauth.delete_oauth2_data for library
2020-06-15 23:15:58,499 INFO scheduler Scheduled Job Complete: frappe.oauth.delete_oauth2_data for library
2020-06-15 23:16:44,058 INFO scheduler Scheduled Job Start: erpnext.crm.doctype.social_media_post.social_media_post.process_scheduled_social_media_posts for library
2020-06-15 23:16:44,097 DEBUG scheduler Queued events for site library
2020-06-15 23:16:44,965 INFO scheduler Scheduled Job Complete: erpnext.crm.doctype.social_media_post.social_media_post.process_scheduled_social_media_posts for library
2020-06-15 23:16:45,002 INFO scheduler Scheduled Job Start: erpnext.healthcare.doctype.patient_appointment.patient_appointment.send_appointment_reminder for library
2020-06-15 23:16:48,162 INFO scheduler Scheduled Job Complete: erpnext.healthcare.doctype.patient_appointment.patient_appointment.send_appointment_reminder for library
2020-06-15 23:16:48,199 INFO scheduler Scheduled Job Start: erpnext.projects.doctype.project.project.project_status_update_reminder for library
2020-06-15 23:16:52,198 INFO scheduler Scheduled Job Complete: erpnext.projects.doctype.project.project.project_status_update_reminder for library
2020-06-15 23:16:52,286 INFO scheduler Scheduled Job Start: frappe.monitor.flush for library
2020-06-15 23:16:52,519 INFO scheduler Scheduled Job Complete: frappe.monitor.flush for library
2020-06-15 23:16:52,557 INFO scheduler Scheduled Job Start: frappe.utils.global_search.sync_global_search for library
2020-06-15 23:16:52,861 INFO scheduler Scheduled Job Complete: frappe.utils.global_search.sync_global_search for library
2020-06-15 23:16:52,899 INFO scheduler Scheduled Job Start: frappe.integrations.doctype.razorpay_settings.razorpay_settings.capture_payment for library
2020-06-15 23:16:53,488 INFO scheduler Scheduled Job Complete: frappe.integrations.doctype.razorpay_settings.razorpay_settings.capture_payment for library
2020-06-15 23:16:53,533 INFO scheduler Scheduled Job Start: frappe.email.doctype.email_account.email_account.notify_unreplied for library
2020-06-15 23:16:55,642 INFO scheduler Scheduled Job Complete: frappe.email.doctype.email_account.email_account.notify_unreplied for library
2020-06-15 23:16:55,680 INFO scheduler Scheduled Job Start: frappe.email.doctype.email_account.email_account.pull for library
2020-06-15 23:16:55,831 INFO scheduler Scheduled Job Complete: frappe.email.doctype.email_account.email_account.pull for library
2020-06-15 23:16:55,861 INFO scheduler Scheduled Job Start: frappe.email.queue.flush for library
2020-06-15 23:16:56,233 INFO scheduler Scheduled Job Complete: frappe.email.queue.flush for library
2020-06-15 23:17:44,608 DEBUG scheduler Queued events for site library
2020-06-15 23:18:44,833 DEBUG scheduler Queued events for site library
2020-06-15 23:19:45,040 DEBUG scheduler Queued events for site library
2020-06-15 23:20:45,205 INFO scheduler Scheduled Job Start: erpnext.crm.doctype.social_media_post.social_media_post.process_scheduled_social_media_posts for library
2020-06-15 23:20:45,242 DEBUG scheduler Queued events for site library
2020-06-15 23:20:45,479 INFO scheduler Scheduled Job Complete: erpnext.crm.doctype.social_media_post.social_media_post.process_scheduled_social_media_posts for library
2020-06-15 23:20:45,512 INFO scheduler Scheduled Job Start: erpnext.healthcare.doctype.patient_appointment.patient_appointment.send_appointment_reminder for library
2020-06-15 23:20:45,661 INFO scheduler Scheduled Job Complete: erpnext.healthcare.doctype.patient_appointment.patient_appointment.send_appointment_reminder for library
2020-06-15 23:20:45,710 INFO scheduler Scheduled Job Start: erpnext.projects.doctype.project.project.project_status_update_reminder for library
2020-06-15 23:20:45,885 INFO scheduler Scheduled Job Complete: erpnext.projects.doctype.project.project.project_status_update_reminder for library
2020-06-15 23:20:45,921 INFO scheduler Scheduled Job Start: library_management.task.run_every_ten_mins for library
2020-06-15 23:20:46,087 INFO scheduler Scheduled Job Failed: library_management.task.run_every_ten_mins for library
2020-06-15 23:20:46,584 INFO scheduler Scheduled Job Start: frappe.monitor.flush for library
2020-06-15 23:20:46,730 INFO scheduler Scheduled Job Complete: frappe.monitor.flush for library
2020-06-15 23:20:46,760 INFO scheduler Scheduled Job Start: frappe.utils.global_search.sync_global_search for library
2020-06-15 23:20:46,894 INFO scheduler Scheduled Job Complete: frappe.utils.global_search.sync_global_search for library
2020-06-15 23:20:46,931 INFO scheduler Scheduled Job Start: frappe.integrations.doctype.razorpay_settings.razorpay_settings.capture_payment for library
2020-06-15 23:20:47,161 INFO scheduler Scheduled Job Complete: frappe.integrations.doctype.razorpay_settings.razorpay_settings.capture_payment for library
2020-06-15 23:20:47,191 INFO scheduler Scheduled Job Start: frappe.email.doctype.email_account.email_account.notify_unreplied for library
2020-06-15 23:20:47,940 INFO scheduler Scheduled Job Complete: frappe.email.doctype.email_account.email_account.notify_unreplied for library
2020-06-15 23:20:47,969 INFO scheduler Scheduled Job Start: frappe.email.doctype.email_account.email_account.pull for library
2020-06-15 23:20:48,140 INFO scheduler Scheduled Job Complete: frappe.email.doctype.email_account.email_account.pull for library
2020-06-15 23:20:48,211 INFO scheduler Scheduled Job Start: frappe.email.queue.flush for library
2020-06-15 23:20:48,723 INFO scheduler Scheduled Job Complete: frappe.email.queue.flush for library
2020-06-15 23:21:45,407 DEBUG scheduler Queued events for site library
2020-06-15 23:22:45,636 DEBUG scheduler Queued events for site library
2020-06-15 23:23:45,857 DEBUG scheduler Queued events for site library
2020-06-15 23:24:46,053 INFO scheduler Scheduled Job Start: erpnext.crm.doctype.social_media_post.social_media_post.process_scheduled_social_media_posts for library
2020-06-15 23:24:46,185 DEBUG scheduler Queued events for site library
2020-06-15 23:24:46,260 INFO scheduler Scheduled Job Complete: erpnext.crm.doctype.social_media_post.social_media_post.process_scheduled_social_media_posts for library
2020-06-15 23:24:46,296 INFO scheduler Scheduled Job Start: erpnext.healthcare.doctype.patient_appointment.patient_appointment.send_appointment_reminder for library
2020-06-15 23:24:46,448 INFO scheduler Scheduled Job Complete: erpnext.healthcare.doctype.patient_appointment.patient_appointment.send_appointment_reminder for library
2020-06-15 23:24:46,496 INFO scheduler Scheduled Job Start: erpnext.projects.doctype.project.project.project_status_update_reminder for library
2020-06-15 23:24:46,684 INFO scheduler Scheduled Job Complete: erpnext.projects.doctype.project.project.project_status_update_reminder for library
2020-06-15 23:24:46,735 INFO scheduler Scheduled Job Start: frappe.monitor.flush for library
2020-06-15 23:24:46,927 INFO scheduler Scheduled Job Complete: frappe.monitor.flush for library
2020-06-15 23:24:46,965 INFO scheduler Scheduled Job Start: frappe.utils.global_search.sync_global_search for library
2020-06-15 23:24:47,128 INFO scheduler Scheduled Job Complete: frappe.utils.global_search.sync_global_search for library
2020-06-15 23:24:47,157 INFO scheduler Scheduled Job Start: frappe.integrations.doctype.razorpay_settings.razorpay_settings.capture_payment for library
2020-06-15 23:24:47,292 INFO scheduler Scheduled Job Complete: frappe.integrations.doctype.razorpay_settings.razorpay_settings.capture_payment for library
2020-06-15 23:24:47,328 INFO scheduler Scheduled Job Start: frappe.email.doctype.email_account.email_account.notify_unreplied for library
2020-06-15 23:24:47,480 INFO scheduler Scheduled Job Complete: frappe.email.doctype.email_account.email_account.notify_unreplied for library
2020-06-15 23:24:47,512 INFO scheduler Scheduled Job Start: frappe.email.doctype.email_account.email_account.pull for library
2020-06-15 23:24:47,666 INFO scheduler Scheduled Job Complete: frappe.email.doctype.email_account.email_account.pull for library
2020-06-15 23:24:47,696 INFO scheduler Scheduled Job Start: frappe.email.queue.flush for library
2020-06-15 23:24:47,828 INFO scheduler Scheduled Job Complete: frappe.email.queue.flush for library
2020-06-15 23:25:46,395 DEBUG scheduler Queued events for site library
2020-06-15 23:26:46,567 DEBUG scheduler Queued events for site library
2020-06-15 23:27:46,931 DEBUG scheduler Queued events for site library
2020-06-15 23:28:47,134 DEBUG scheduler Queued events for site library
2020-06-15 23:28:48,824 INFO scheduler Scheduled Job Start: erpnext.crm.doctype.social_media_post.social_media_post.process_scheduled_social_media_posts for library
2020-06-15 23:28:50,259 INFO scheduler Scheduled Job Complete: erpnext.crm.doctype.social_media_post.social_media_post.process_scheduled_social_media_posts for library
2020-06-15 23:28:50,305 INFO scheduler Scheduled Job Start: erpnext.healthcare.doctype.patient_appointment.patient_appointment.send_appointment_reminder for library
2020-06-15 23:28:50,525 INFO scheduler Scheduled Job Complete: erpnext.healthcare.doctype.patient_appointment.patient_appointment.send_appointment_reminder for library
2020-06-15 23:28:50,561 INFO scheduler Scheduled Job Start: erpnext.projects.doctype.project.project.project_status_update_reminder for library
2020-06-15 23:28:50,857 INFO scheduler Scheduled Job Complete: erpnext.projects.doctype.project.project.project_status_update_reminder for library
2020-06-15 23:28:50,889 INFO scheduler Scheduled Job Start: frappe.monitor.flush for library
2020-06-15 23:28:50,983 INFO scheduler Scheduled Job Complete: frappe.monitor.flush for library
2020-06-15 23:28:51,013 INFO scheduler Scheduled Job Start: frappe.utils.global_search.sync_global_search for library
2020-06-15 23:28:51,174 INFO scheduler Scheduled Job Complete: frappe.utils.global_search.sync_global_search for library
2020-06-15 23:28:51,209 INFO scheduler Scheduled Job Start: frappe.integrations.doctype.razorpay_settings.razorpay_settings.capture_payment for library
2020-06-15 23:28:51,380 INFO scheduler Scheduled Job Complete: frappe.integrations.doctype.razorpay_settings.razorpay_settings.capture_payment for library
2020-06-15 23:28:51,414 INFO scheduler Scheduled Job Start: frappe.email.doctype.email_account.email_account.notify_unreplied for library
2020-06-15 23:28:51,784 INFO scheduler Scheduled Job Complete: frappe.email.doctype.email_account.email_account.notify_unreplied for library
2020-06-15 23:28:51,822 INFO scheduler Scheduled Job Start: frappe.email.doctype.email_account.email_account.pull for library
2020-06-15 23:28:52,065 INFO scheduler Scheduled Job Complete: frappe.email.doctype.email_account.email_account.pull for library
2020-06-15 23:28:52,100 INFO scheduler Scheduled Job Start: frappe.email.queue.flush for library
2020-06-15 23:28:52,264 INFO scheduler Scheduled Job Complete: frappe.email.queue.flush for library
2020-06-15 23:29:47,456 DEBUG scheduler Queued events for site library
2020-06-15 23:30:47,619 INFO scheduler Scheduled Job Start: library_management.task.run_every_ten_mins for library
2020-06-15 23:30:47,657 DEBUG scheduler Queued events for site library
2020-06-15 23:30:48,891 INFO scheduler Scheduled Job Failed: library_management.task.run_every_ten_mins for library
2020-06-15 23:30:49,361 INFO scheduler Scheduled Job Start: frappe.twofactor.delete_all_barcodes_for_users for library
2020-06-15 23:30:50,040 INFO scheduler Scheduled Job Complete: frappe.twofactor.delete_all_barcodes_for_users for library
2020-06-15 23:30:50,202 INFO scheduler Scheduled Job Start: frappe.website.doctype.web_page.web_page.check_publish_status for library
2020-06-15 23:30:50,954 INFO scheduler Scheduled Job Complete: frappe.website.doctype.web_page.web_page.check_publish_status for library
2020-06-15 23:30:51,104 INFO scheduler Scheduled Job Start: frappe.oauth.delete_oauth2_data for library
2020-06-15 23:30:53,385 INFO scheduler Scheduled Job Complete: frappe.oauth.delete_oauth2_data for library
2020-06-15 23:31:47,899 DEBUG scheduler Queued events for site library
2020-06-15 23:32:48,093 DEBUG scheduler Queued events for site library
2020-06-15 23:32:48,133 INFO scheduler Scheduled Job Start: erpnext.crm.doctype.social_media_post.social_media_post.process_scheduled_social_media_posts for library
2020-06-15 23:32:48,347 INFO scheduler Scheduled Job Complete: erpnext.crm.doctype.social_media_post.social_media_post.process_scheduled_social_media_posts for library
2020-06-15 23:32:48,381 INFO scheduler Scheduled Job Start: erpnext.healthcare.doctype.patient_appointment.patient_appointment.send_appointment_reminder for library
2020-06-15 23:32:49,227 INFO scheduler Scheduled Job Complete: erpnext.healthcare.doctype.patient_appointment.patient_appointment.send_appointment_reminder for library
2020-06-15 23:32:49,258 INFO scheduler Scheduled Job Start: erpnext.projects.doctype.project.project.project_status_update_reminder for library
2020-06-15 23:32:49,451 INFO scheduler Scheduled Job Complete: erpnext.projects.doctype.project.project.project_status_update_reminder for library
2020-06-15 23:32:49,480 INFO scheduler Scheduled Job Start: frappe.monitor.flush for library
2020-06-15 23:32:50,153 INFO scheduler Scheduled Job Complete: frappe.monitor.flush for library
2020-06-15 23:32:50,204 INFO scheduler Scheduled Job Start: frappe.utils.global_search.sync_global_search for library
2020-06-15 23:32:50,453 INFO scheduler Scheduled Job Complete: frappe.utils.global_search.sync_global_search for library
2020-06-15 23:32:50,489 INFO scheduler Scheduled Job Start: frappe.integrations.doctype.razorpay_settings.razorpay_settings.capture_payment for library
2020-06-15 23:32:50,705 INFO scheduler Scheduled Job Complete: frappe.integrations.doctype.razorpay_settings.razorpay_settings.capture_payment for library
2020-06-15 23:32:50,744 INFO scheduler Scheduled Job Start: frappe.email.doctype.email_account.email_account.notify_unreplied for library
2020-06-15 23:32:50,884 INFO scheduler Scheduled Job Complete: frappe.email.doctype.email_account.email_account.notify_unreplied for library
2020-06-15 23:32:50,916 INFO scheduler Scheduled Job Start: frappe.email.doctype.email_account.email_account.pull for library
2020-06-15 23:32:51,212 INFO scheduler Scheduled Job Complete: frappe.email.doctype.email_account.email_account.pull for library
2020-06-15 23:32:51,243 INFO scheduler Scheduled Job Start: frappe.email.queue.flush for library
2020-06-15 23:32:51,406 INFO scheduler Scheduled Job Complete: frappe.email.queue.flush for library
2020-06-15 23:33:48,259 DEBUG scheduler Queued events for site library
2020-06-15 23:34:48,451 DEBUG scheduler Queued events for site library
2020-06-15 23:35:48,616 DEBUG scheduler Queued events for site library
2020-06-15 23:36:49,015 DEBUG scheduler Queued events for site library
2020-06-15 23:36:49,423 INFO scheduler Scheduled Job Start: erpnext.crm.doctype.social_media_post.social_media_post.process_scheduled_social_media_posts for library
2020-06-15 23:36:49,703 INFO scheduler Scheduled Job Complete: erpnext.crm.doctype.social_media_post.social_media_post.process_scheduled_social_media_posts for library
2020-06-15 23:36:49,733 INFO scheduler Scheduled Job Start: erpnext.healthcare.doctype.patient_appointment.patient_appointment.send_appointment_reminder for library
2020-06-15 23:36:50,287 INFO scheduler Scheduled Job Complete: erpnext.healthcare.doctype.patient_appointment.patient_appointment.send_appointment_reminder for library
2020-06-15 23:36:50,322 INFO scheduler Scheduled Job Start: erpnext.projects.doctype.project.project.project_status_update_reminder for library
2020-06-15 23:36:50,561 INFO scheduler Scheduled Job Complete: erpnext.projects.doctype.project.project.project_status_update_reminder for library
2020-06-15 23:36:50,590 INFO scheduler Scheduled Job Start: frappe.monitor.flush for library
2020-06-15 23:36:50,725 INFO scheduler Scheduled Job Complete: frappe.monitor.flush for library
2020-06-15 23:36:50,759 INFO scheduler Scheduled Job Start: frappe.utils.global_search.sync_global_search for library
2020-06-15 23:36:51,018 INFO scheduler Scheduled Job Complete: frappe.utils.global_search.sync_global_search for library
2020-06-15 23:36:51,054 INFO scheduler Scheduled Job Start: frappe.integrations.doctype.razorpay_settings.razorpay_settings.capture_payment for library
2020-06-15 23:36:51,287 INFO scheduler Scheduled Job Complete: frappe.integrations.doctype.razorpay_settings.razorpay_settings.capture_payment for library
2020-06-15 23:36:51,319 INFO scheduler Scheduled Job Start: frappe.email.doctype.email_account.email_account.notify_unreplied for library
2020-06-15 23:36:51,476 INFO scheduler Scheduled Job Complete: frappe.email.doctype.email_account.email_account.notify_unreplied for library
2020-06-15 23:36:51,506 INFO scheduler Scheduled Job Start: frappe.email.doctype.email_account.email_account.pull for library
2020-06-15 23:36:51,692 INFO scheduler Scheduled Job Complete: frappe.email.doctype.email_account.email_account.pull for library
2020-06-15 23:36:51,723 INFO scheduler Scheduled Job Start: frappe.email.queue.flush for library
2020-06-15 23:36:51,856 INFO scheduler Scheduled Job Complete: frappe.email.queue.flush for library
2020-06-15 23:37:49,189 DEBUG scheduler Queued events for site library
2020-06-15 23:38:49,486 DEBUG scheduler Queued events for site library
2020-06-15 23:39:50,191 DEBUG scheduler Queued events for site library
2020-06-15 23:40:50,377 DEBUG scheduler Queued events for site library
2020-06-15 23:40:50,378 INFO scheduler Scheduled Job Start: erpnext.crm.doctype.social_media_post.social_media_post.process_scheduled_social_media_posts for library
2020-06-15 23:40:50,782 INFO scheduler Scheduled Job Complete: erpnext.crm.doctype.social_media_post.social_media_post.process_scheduled_social_media_posts for library
2020-06-15 23:40:50,814 INFO scheduler Scheduled Job Start: erpnext.healthcare.doctype.patient_appointment.patient_appointment.send_appointment_reminder for library
2020-06-15 23:40:51,566 INFO scheduler Scheduled Job Complete: erpnext.healthcare.doctype.patient_appointment.patient_appointment.send_appointment_reminder for library
2020-06-15 23:40:51,599 INFO scheduler Scheduled Job Start: erpnext.projects.doctype.project.project.project_status_update_reminder for library
2020-06-15 23:40:55,200 INFO scheduler Scheduled Job Complete: erpnext.projects.doctype.project.project.project_status_update_reminder for library
2020-06-15 23:40:55,230 INFO scheduler Scheduled Job Start: library_management.task.run_every_ten_mins for library
2020-06-15 23:40:57,035 INFO scheduler Scheduled Job Failed: library_management.task.run_every_ten_mins for library
2020-06-15 23:40:57,411 INFO scheduler Scheduled Job Start: frappe.monitor.flush for library
2020-06-15 23:40:57,541 INFO scheduler Scheduled Job Complete: frappe.monitor.flush for library
2020-06-15 23:40:57,572 INFO scheduler Scheduled Job Start: frappe.utils.global_search.sync_global_search for library
2020-06-15 23:40:57,667 INFO scheduler Scheduled Job Complete: frappe.utils.global_search.sync_global_search for library
2020-06-15 23:40:57,696 INFO scheduler Scheduled Job Start: frappe.integrations.doctype.razorpay_settings.razorpay_settings.capture_payment for library
2020-06-15 23:40:58,021 INFO scheduler Scheduled Job Complete: frappe.integrations.doctype.razorpay_settings.razorpay_settings.capture_payment for library
2020-06-15 23:40:58,052 INFO scheduler Scheduled Job Start: frappe.email.doctype.email_account.email_account.notify_unreplied for library
2020-06-15 23:40:58,181 INFO scheduler Scheduled Job Complete: frappe.email.doctype.email_account.email_account.notify_unreplied for library
2020-06-15 23:40:58,211 INFO scheduler Scheduled Job Start: frappe.email.doctype.email_account.email_account.pull for library
2020-06-15 23:40:58,380 INFO scheduler Scheduled Job Complete: frappe.email.doctype.email_account.email_account.pull for library
2020-06-15 23:40:58,411 INFO scheduler Scheduled Job Start: frappe.email.queue.flush for library
2020-06-15 23:40:58,591 INFO scheduler Scheduled Job Complete: frappe.email.queue.flush for library
2020-06-15 23:41:50,557 DEBUG scheduler Queued events for site library
2020-06-15 23:42:50,756 DEBUG scheduler Queued events for site library
2020-06-15 23:43:50,931 DEBUG scheduler Queued events for site library
2020-06-15 23:44:52,019 ERROR scheduler Exception in Enqueue Events for Site VirtualOffice
Traceback (most recent call last):
  File "/home/ibrahim/frappe-bench/env/lib/python3.8/site-packages/pymysql/connections.py", line 581, in connect
    sock = socket.create_connection(
  File "/usr/lib/python3.8/socket.py", line 787, in create_connection
    for res in getaddrinfo(host, port, 0, SOCK_STREAM):
  File "/usr/lib/python3.8/socket.py", line 918, in getaddrinfo
    for res in _socket.getaddrinfo(host, port, family, type, proto, flags):
socket.gaierror: [Errno -3] Temporary failure in name resolution

During handling of the above exception, another exception occurred:

Traceback (most recent call last):
  File "/home/ibrahim/frappe-bench/apps/frappe/frappe/utils/scheduler.py", line 64, in enqueue_events_for_site
    if is_scheduler_inactive():
  File "/home/ibrahim/frappe-bench/apps/frappe/frappe/utils/scheduler.py", line 97, in is_scheduler_inactive
    if is_scheduler_disabled():
  File "/home/ibrahim/frappe-bench/apps/frappe/frappe/utils/scheduler.py", line 106, in is_scheduler_disabled
    return not frappe.utils.cint(frappe.db.get_single_value("System Settings", "enable_scheduler"))
  File "/home/ibrahim/frappe-bench/apps/frappe/frappe/database/database.py", line 559, in get_single_value
    val = self.sql("""select `value` from
  File "/home/ibrahim/frappe-bench/apps/frappe/frappe/database/database.py", line 122, in sql
    self.connect()
  File "/home/ibrahim/frappe-bench/apps/frappe/frappe/database/database.py", line 75, in connect
    self._conn = self.get_connection()
  File "/home/ibrahim/frappe-bench/apps/frappe/frappe/database/mariadb/database.py", line 89, in get_connection
    conn = pymysql.connect(self.host, self.user or '', self.password or '',
  File "/home/ibrahim/frappe-bench/env/lib/python3.8/site-packages/pymysql/__init__.py", line 94, in Connect
    return Connection(*args, **kwargs)
  File "/home/ibrahim/frappe-bench/env/lib/python3.8/site-packages/pymysql/connections.py", line 325, in __init__
    self.connect()
  File "/home/ibrahim/frappe-bench/env/lib/python3.8/site-packages/pymysql/connections.py", line 630, in connect
    raise exc
pymysql.err.OperationalError: (2003, "Can't connect to MySQL server on 'library' ([Errno -3] Temporary failure in name resolution)")

2020-06-15 23:44:52,082 ERROR scheduler Exception in Enqueue Events for Site library
Traceback (most recent call last):
  File "/home/ibrahim/frappe-bench/env/lib/python3.8/site-packages/pymysql/connections.py", line 581, in connect
    sock = socket.create_connection(
  File "/usr/lib/python3.8/socket.py", line 787, in create_connection
    for res in getaddrinfo(host, port, 0, SOCK_STREAM):
  File "/usr/lib/python3.8/socket.py", line 918, in getaddrinfo
    for res in _socket.getaddrinfo(host, port, family, type, proto, flags):
socket.gaierror: [Errno -3] Temporary failure in name resolution

During handling of the above exception, another exception occurred:

Traceback (most recent call last):
  File "/home/ibrahim/frappe-bench/apps/frappe/frappe/utils/scheduler.py", line 64, in enqueue_events_for_site
    if is_scheduler_inactive():
  File "/home/ibrahim/frappe-bench/apps/frappe/frappe/utils/scheduler.py", line 97, in is_scheduler_inactive
    if is_scheduler_disabled():
  File "/home/ibrahim/frappe-bench/apps/frappe/frappe/utils/scheduler.py", line 106, in is_scheduler_disabled
    return not frappe.utils.cint(frappe.db.get_single_value("System Settings", "enable_scheduler"))
  File "/home/ibrahim/frappe-bench/apps/frappe/frappe/database/database.py", line 559, in get_single_value
    val = self.sql("""select `value` from
  File "/home/ibrahim/frappe-bench/apps/frappe/frappe/database/database.py", line 122, in sql
    self.connect()
  File "/home/ibrahim/frappe-bench/apps/frappe/frappe/database/database.py", line 75, in connect
    self._conn = self.get_connection()
  File "/home/ibrahim/frappe-bench/apps/frappe/frappe/database/mariadb/database.py", line 89, in get_connection
    conn = pymysql.connect(self.host, self.user or '', self.password or '',
  File "/home/ibrahim/frappe-bench/env/lib/python3.8/site-packages/pymysql/__init__.py", line 94, in Connect
    return Connection(*args, **kwargs)
  File "/home/ibrahim/frappe-bench/env/lib/python3.8/site-packages/pymysql/connections.py", line 325, in __init__
    self.connect()
  File "/home/ibrahim/frappe-bench/env/lib/python3.8/site-packages/pymysql/connections.py", line 630, in connect
    raise exc
pymysql.err.OperationalError: (2003, "Can't connect to MySQL server on 'library' ([Errno -3] Temporary failure in name resolution)")

2020-06-15 23:44:52,084 ERROR scheduler Exception in Enqueue Events for Site workie
Traceback (most recent call last):
  File "/home/ibrahim/frappe-bench/env/lib/python3.8/site-packages/pymysql/connections.py", line 581, in connect
    sock = socket.create_connection(
  File "/usr/lib/python3.8/socket.py", line 787, in create_connection
    for res in getaddrinfo(host, port, 0, SOCK_STREAM):
  File "/usr/lib/python3.8/socket.py", line 918, in getaddrinfo
    for res in _socket.getaddrinfo(host, port, family, type, proto, flags):
socket.gaierror: [Errno -3] Temporary failure in name resolution

During handling of the above exception, another exception occurred:

Traceback (most recent call last):
  File "/home/ibrahim/frappe-bench/apps/frappe/frappe/utils/scheduler.py", line 64, in enqueue_events_for_site
    if is_scheduler_inactive():
  File "/home/ibrahim/frappe-bench/apps/frappe/frappe/utils/scheduler.py", line 97, in is_scheduler_inactive
    if is_scheduler_disabled():
  File "/home/ibrahim/frappe-bench/apps/frappe/frappe/utils/scheduler.py", line 106, in is_scheduler_disabled
    return not frappe.utils.cint(frappe.db.get_single_value("System Settings", "enable_scheduler"))
  File "/home/ibrahim/frappe-bench/apps/frappe/frappe/database/database.py", line 559, in get_single_value
    val = self.sql("""select `value` from
  File "/home/ibrahim/frappe-bench/apps/frappe/frappe/database/database.py", line 122, in sql
    self.connect()
  File "/home/ibrahim/frappe-bench/apps/frappe/frappe/database/database.py", line 75, in connect
    self._conn = self.get_connection()
  File "/home/ibrahim/frappe-bench/apps/frappe/frappe/database/mariadb/database.py", line 89, in get_connection
    conn = pymysql.connect(self.host, self.user or '', self.password or '',
  File "/home/ibrahim/frappe-bench/env/lib/python3.8/site-packages/pymysql/__init__.py", line 94, in Connect
    return Connection(*args, **kwargs)
  File "/home/ibrahim/frappe-bench/env/lib/python3.8/site-packages/pymysql/connections.py", line 325, in __init__
    self.connect()
  File "/home/ibrahim/frappe-bench/env/lib/python3.8/site-packages/pymysql/connections.py", line 630, in connect
    raise exc
pymysql.err.OperationalError: (2003, "Can't connect to MySQL server on 'library' ([Errno -3] Temporary failure in name resolution)")

2020-06-15 23:45:52,147 ERROR scheduler Exception in Enqueue Events for Site VirtualOffice
Traceback (most recent call last):
  File "/home/ibrahim/frappe-bench/env/lib/python3.8/site-packages/pymysql/connections.py", line 581, in connect
    sock = socket.create_connection(
  File "/usr/lib/python3.8/socket.py", line 787, in create_connection
    for res in getaddrinfo(host, port, 0, SOCK_STREAM):
  File "/usr/lib/python3.8/socket.py", line 918, in getaddrinfo
    for res in _socket.getaddrinfo(host, port, family, type, proto, flags):
socket.gaierror: [Errno -3] Temporary failure in name resolution

During handling of the above exception, another exception occurred:

Traceback (most recent call last):
  File "/home/ibrahim/frappe-bench/apps/frappe/frappe/utils/scheduler.py", line 64, in enqueue_events_for_site
    if is_scheduler_inactive():
  File "/home/ibrahim/frappe-bench/apps/frappe/frappe/utils/scheduler.py", line 97, in is_scheduler_inactive
    if is_scheduler_disabled():
  File "/home/ibrahim/frappe-bench/apps/frappe/frappe/utils/scheduler.py", line 106, in is_scheduler_disabled
    return not frappe.utils.cint(frappe.db.get_single_value("System Settings", "enable_scheduler"))
  File "/home/ibrahim/frappe-bench/apps/frappe/frappe/database/database.py", line 559, in get_single_value
    val = self.sql("""select `value` from
  File "/home/ibrahim/frappe-bench/apps/frappe/frappe/database/database.py", line 122, in sql
    self.connect()
  File "/home/ibrahim/frappe-bench/apps/frappe/frappe/database/database.py", line 75, in connect
    self._conn = self.get_connection()
  File "/home/ibrahim/frappe-bench/apps/frappe/frappe/database/mariadb/database.py", line 89, in get_connection
    conn = pymysql.connect(self.host, self.user or '', self.password or '',
  File "/home/ibrahim/frappe-bench/env/lib/python3.8/site-packages/pymysql/__init__.py", line 94, in Connect
    return Connection(*args, **kwargs)
  File "/home/ibrahim/frappe-bench/env/lib/python3.8/site-packages/pymysql/connections.py", line 325, in __init__
    self.connect()
  File "/home/ibrahim/frappe-bench/env/lib/python3.8/site-packages/pymysql/connections.py", line 630, in connect
    raise exc
pymysql.err.OperationalError: (2003, "Can't connect to MySQL server on 'library' ([Errno -3] Temporary failure in name resolution)")

2020-06-15 23:45:52,151 ERROR scheduler Exception in Enqueue Events for Site library
Traceback (most recent call last):
  File "/home/ibrahim/frappe-bench/env/lib/python3.8/site-packages/pymysql/connections.py", line 581, in connect
    sock = socket.create_connection(
  File "/usr/lib/python3.8/socket.py", line 787, in create_connection
    for res in getaddrinfo(host, port, 0, SOCK_STREAM):
  File "/usr/lib/python3.8/socket.py", line 918, in getaddrinfo
    for res in _socket.getaddrinfo(host, port, family, type, proto, flags):
socket.gaierror: [Errno -3] Temporary failure in name resolution

During handling of the above exception, another exception occurred:

Traceback (most recent call last):
  File "/home/ibrahim/frappe-bench/apps/frappe/frappe/utils/scheduler.py", line 64, in enqueue_events_for_site
    if is_scheduler_inactive():
  File "/home/ibrahim/frappe-bench/apps/frappe/frappe/utils/scheduler.py", line 97, in is_scheduler_inactive
    if is_scheduler_disabled():
  File "/home/ibrahim/frappe-bench/apps/frappe/frappe/utils/scheduler.py", line 106, in is_scheduler_disabled
    return not frappe.utils.cint(frappe.db.get_single_value("System Settings", "enable_scheduler"))
  File "/home/ibrahim/frappe-bench/apps/frappe/frappe/database/database.py", line 559, in get_single_value
    val = self.sql("""select `value` from
  File "/home/ibrahim/frappe-bench/apps/frappe/frappe/database/database.py", line 122, in sql
    self.connect()
  File "/home/ibrahim/frappe-bench/apps/frappe/frappe/database/database.py", line 75, in connect
    self._conn = self.get_connection()
  File "/home/ibrahim/frappe-bench/apps/frappe/frappe/database/mariadb/database.py", line 89, in get_connection
    conn = pymysql.connect(self.host, self.user or '', self.password or '',
  File "/home/ibrahim/frappe-bench/env/lib/python3.8/site-packages/pymysql/__init__.py", line 94, in Connect
    return Connection(*args, **kwargs)
  File "/home/ibrahim/frappe-bench/env/lib/python3.8/site-packages/pymysql/connections.py", line 325, in __init__
    self.connect()
  File "/home/ibrahim/frappe-bench/env/lib/python3.8/site-packages/pymysql/connections.py", line 630, in connect
    raise exc
pymysql.err.OperationalError: (2003, "Can't connect to MySQL server on 'library' ([Errno -3] Temporary failure in name resolution)")

2020-06-15 23:45:52,154 ERROR scheduler Exception in Enqueue Events for Site workie
Traceback (most recent call last):
  File "/home/ibrahim/frappe-bench/env/lib/python3.8/site-packages/pymysql/connections.py", line 581, in connect
    sock = socket.create_connection(
  File "/usr/lib/python3.8/socket.py", line 787, in create_connection
    for res in getaddrinfo(host, port, 0, SOCK_STREAM):
  File "/usr/lib/python3.8/socket.py", line 918, in getaddrinfo
    for res in _socket.getaddrinfo(host, port, family, type, proto, flags):
socket.gaierror: [Errno -3] Temporary failure in name resolution

During handling of the above exception, another exception occurred:

Traceback (most recent call last):
  File "/home/ibrahim/frappe-bench/apps/frappe/frappe/utils/scheduler.py", line 64, in enqueue_events_for_site
    if is_scheduler_inactive():
  File "/home/ibrahim/frappe-bench/apps/frappe/frappe/utils/scheduler.py", line 97, in is_scheduler_inactive
    if is_scheduler_disabled():
  File "/home/ibrahim/frappe-bench/apps/frappe/frappe/utils/scheduler.py", line 106, in is_scheduler_disabled
    return not frappe.utils.cint(frappe.db.get_single_value("System Settings", "enable_scheduler"))
  File "/home/ibrahim/frappe-bench/apps/frappe/frappe/database/database.py", line 559, in get_single_value
    val = self.sql("""select `value` from
  File "/home/ibrahim/frappe-bench/apps/frappe/frappe/database/database.py", line 122, in sql
    self.connect()
  File "/home/ibrahim/frappe-bench/apps/frappe/frappe/database/database.py", line 75, in connect
    self._conn = self.get_connection()
  File "/home/ibrahim/frappe-bench/apps/frappe/frappe/database/mariadb/database.py", line 89, in get_connection
    conn = pymysql.connect(self.host, self.user or '', self.password or '',
  File "/home/ibrahim/frappe-bench/env/lib/python3.8/site-packages/pymysql/__init__.py", line 94, in Connect
    return Connection(*args, **kwargs)
  File "/home/ibrahim/frappe-bench/env/lib/python3.8/site-packages/pymysql/connections.py", line 325, in __init__
    self.connect()
  File "/home/ibrahim/frappe-bench/env/lib/python3.8/site-packages/pymysql/connections.py", line 630, in connect
    raise exc
pymysql.err.OperationalError: (2003, "Can't connect to MySQL server on 'library' ([Errno -3] Temporary failure in name resolution)")

